10:33:32.716 [main] ERROR o.s.b.SpringApplication - [reportFailure,830] - Application run failed
java.lang.IllegalStateException: No application config found or it's not a valid config! Please add <dubbo:application name="..." /> to your spring config.
	at org.apache.dubbo.config.utils.ConfigValidationUtils.validateApplicationConfig(ConfigValidationUtils.java:466)
	at org.apache.dubbo.config.utils.DefaultConfigValidator.validate(DefaultConfigValidator.java:47)
	at org.apache.dubbo.config.context.AbstractConfigManager.checkDefaultAndValidateConfigs(AbstractConfigManager.java:579)
	at org.apache.dubbo.config.context.ConfigManager.checkConfigs(ConfigManager.java:281)
	at org.apache.dubbo.config.context.ConfigManager.loadConfigs(ConfigManager.java:261)
	at org.apache.dubbo.config.deploy.DefaultApplicationDeployer.loadApplicationConfigs(DefaultApplicationDeployer.java:214)
	at org.apache.dubbo.config.deploy.DefaultApplicationDeployer.initialize(DefaultApplicationDeployer.java:184)
	at org.apache.dubbo.config.deploy.DefaultModuleDeployer.prepare(DefaultModuleDeployer.java:467)
	at org.apache.dubbo.config.spring.context.DubboConfigApplicationListener.initDubboConfigBeans(DubboConfigApplicationListener.java:71)
	at org.apache.dubbo.config.spring.context.DubboConfigApplicationListener.onApplicationEvent(DubboConfigApplicationListener.java:57)
	at org.apache.dubbo.config.spring.context.DubboConfigApplicationListener.onApplicationEvent(DubboConfigApplicationListener.java:35)
	at org.springframework.context.event.SimpleApplicationEventMulticaster.doInvokeListener(SimpleApplicationEventMulticaster.java:176)
	at org.springframework.context.event.SimpleApplicationEventMulticaster.invokeListener(SimpleApplicationEventMulticaster.java:169)
	at org.springframework.context.event.SimpleApplicationEventMulticaster.multicastEvent(SimpleApplicationEventMulticaster.java:143)
	at org.springframework.context.event.SimpleApplicationEventMulticaster.multicastEvent(SimpleApplicationEventMulticaster.java:131)
	at org.springframework.context.support.AbstractApplicationContext.registerListeners(AbstractApplicationContext.java:881)
	at org.springframework.context.support.AbstractApplicationContext.refresh(AbstractApplicationContext.java:580)
	at org.springframework.boot.SpringApplication.refresh(SpringApplication.java:740)
	at org.springframework.boot.SpringApplication.refreshContext(SpringApplication.java:415)
	at org.springframework.boot.SpringApplication.run(SpringApplication.java:303)
	at org.springframework.boot.SpringApplication.run(SpringApplication.java:1312)
	at org.springframework.boot.SpringApplication.run(SpringApplication.java:1301)
	at com.lj.admin.LjAdminApplication.main(LjAdminApplication.java:13)
