14:18:55.996 [background-preinit] INFO  o.h.v.i.util.Version - [<clinit>,21] - HV000001: Hibernate Validator 6.2.0.Final
14:18:56.012 [main] INFO  c.l.a.LjAdminApplication - [logStarting,55] - Starting LjAdminApplication using Java 1.8.0_101 on g的联想电脑 with PID 2044 (D:\idea-project\lj-shopmall\lj-modules\lj-admin\target\classes started by jh in D:\idea-project\lj-shopmall)
14:18:56.013 [main] INFO  c.l.a.LjAdminApplication - [logStartupProfileInfo,637] - No active profile set, falling back to default profiles: default
14:18:58.609 [main] INFO  o.a.c.h.Http11NioProtocol - [log,173] - Initializing ProtocolHandler ["http-nio-8080"]
14:18:58.610 [main] INFO  o.a.c.c.StandardService - [log,173] - Starting service [Tomcat]
14:18:58.610 [main] INFO  o.a.c.c.StandardEngine - [log,173] - Starting Servlet engine: [Apache Tomcat/9.0.56]
14:18:58.723 [main] INFO  o.a.c.c.C.[.[.[/] - [log,173] - Initializing Spring embedded WebApplicationContext
14:19:01.065 [main] INFO  o.a.c.c.StandardService - [log,173] - Stopping service [Tomcat]
14:26:28.560 [background-preinit] INFO  o.h.v.i.util.Version - [<clinit>,21] - HV000001: Hibernate Validator 6.2.0.Final
14:26:28.564 [main] INFO  c.l.a.LjAdminApplication - [logStarting,55] - Starting LjAdminApplication using Java 1.8.0_101 on g的联想电脑 with PID 15772 (D:\idea-project\lj-shopmall\lj-modules\lj-admin\target\classes started by jh in D:\idea-project\lj-shopmall)
14:26:28.565 [main] INFO  c.l.a.LjAdminApplication - [logStartupProfileInfo,637] - No active profile set, falling back to default profiles: default
14:26:30.130 [main] INFO  o.a.c.h.Http11NioProtocol - [log,173] - Initializing ProtocolHandler ["http-nio-8080"]
14:26:30.130 [main] INFO  o.a.c.c.StandardService - [log,173] - Starting service [Tomcat]
14:26:30.131 [main] INFO  o.a.c.c.StandardEngine - [log,173] - Starting Servlet engine: [Apache Tomcat/9.0.56]
14:26:30.228 [main] INFO  o.a.c.c.C.[.[.[/] - [log,173] - Initializing Spring embedded WebApplicationContext
14:26:32.221 [main] INFO  o.a.c.c.StandardService - [log,173] - Stopping service [Tomcat]
14:28:01.070 [background-preinit] INFO  o.h.v.i.util.Version - [<clinit>,21] - HV000001: Hibernate Validator 6.2.0.Final
14:28:01.074 [main] INFO  c.l.a.LjAdminApplication - [logStarting,55] - Starting LjAdminApplication using Java 1.8.0_101 on g的联想电脑 with PID 7432 (D:\idea-project\lj-shopmall\lj-modules\lj-admin\target\classes started by jh in D:\idea-project\lj-shopmall)
14:28:01.075 [main] INFO  c.l.a.LjAdminApplication - [logStartupProfileInfo,637] - No active profile set, falling back to default profiles: default
14:28:02.189 [main] INFO  o.a.c.h.Http11NioProtocol - [log,173] - Initializing ProtocolHandler ["http-nio-8080"]
14:28:02.190 [main] INFO  o.a.c.c.StandardService - [log,173] - Starting service [Tomcat]
14:28:02.190 [main] INFO  o.a.c.c.StandardEngine - [log,173] - Starting Servlet engine: [Apache Tomcat/9.0.56]
14:28:02.275 [main] INFO  o.a.c.c.C.[.[.[/] - [log,173] - Initializing Spring embedded WebApplicationContext
14:28:04.209 [main] INFO  o.a.c.c.StandardService - [log,173] - Stopping service [Tomcat]
14:29:50.079 [background-preinit] INFO  o.h.v.i.util.Version - [<clinit>,21] - HV000001: Hibernate Validator 6.2.0.Final
14:29:50.086 [main] INFO  c.l.a.LjAdminApplication - [logStarting,55] - Starting LjAdminApplication using Java 1.8.0_101 on g的联想电脑 with PID 18924 (D:\idea-project\lj-shopmall\lj-modules\lj-admin\target\classes started by jh in D:\idea-project\lj-shopmall)
14:29:50.087 [main] INFO  c.l.a.LjAdminApplication - [logStartupProfileInfo,637] - No active profile set, falling back to default profiles: default
14:29:51.088 [main] INFO  o.a.c.h.Http11NioProtocol - [log,173] - Initializing ProtocolHandler ["http-nio-8080"]
14:29:51.090 [main] INFO  o.a.c.c.StandardService - [log,173] - Starting service [Tomcat]
14:29:51.090 [main] INFO  o.a.c.c.StandardEngine - [log,173] - Starting Servlet engine: [Apache Tomcat/9.0.56]
14:29:51.155 [main] INFO  o.a.c.c.C.[.[.[/] - [log,173] - Initializing Spring embedded WebApplicationContext
14:29:52.877 [main] INFO  o.a.c.c.StandardService - [log,173] - Stopping service [Tomcat]
14:30:49.170 [background-preinit] INFO  o.h.v.i.util.Version - [<clinit>,21] - HV000001: Hibernate Validator 6.2.0.Final
14:30:50.168 [main] INFO  c.l.a.LjAdminApplication - [logStartupProfileInfo,641] - The following profiles are active: local
14:30:51.149 [main] INFO  o.a.c.h.Http11NioProtocol - [log,173] - Initializing ProtocolHandler ["http-nio-9220"]
14:30:51.150 [main] INFO  o.a.c.c.StandardService - [log,173] - Starting service [Tomcat]
14:30:51.150 [main] INFO  o.a.c.c.StandardEngine - [log,173] - Starting Servlet engine: [Apache Tomcat/9.0.56]
14:30:51.261 [main] INFO  o.a.c.c.C.[.[.[/lj-admin] - [log,173] - Initializing Spring embedded WebApplicationContext
14:30:53.581 [main] INFO  o.a.c.h.Http11NioProtocol - [log,173] - Starting ProtocolHandler ["http-nio-9220"]
14:30:53.764 [main] INFO  c.a.c.n.r.NacosServiceRegistry - [register,75] - nacos registry, DEFAULT_GROUP lj-admin 168.168.28.132:9220 register finished
14:30:54.087 [main] INFO  c.l.a.LjAdminApplication - [logStarted,61] - Started LjAdminApplication in 6.146 seconds (JVM running for 7.439)
14:30:54.089 [main] INFO  c.a.c.n.r.NacosContextRefresher - [registerNacosListenersForApplications,105] - listening config: dataId=lj-admin-local.yml, group=DEFAULT_GROUP
14:30:54.090 [main] INFO  c.a.c.n.r.NacosContextRefresher - [registerNacosListenersForApplications,105] - listening config: dataId=lj-admin, group=DEFAULT_GROUP
14:30:54.090 [main] INFO  c.a.c.n.r.NacosContextRefresher - [registerNacosListenersForApplications,105] - listening config: dataId=lj-admin.yml, group=DEFAULT_GROUP
14:31:52.133 [com.alibaba.nacos.client.Worker.longPolling.fixed-127.0.0.1_8847] INFO  c.a.d.p.DruidDataSource - [close,2043] - {dataSource-0} closing ...
14:33:29.816 [background-preinit] INFO  o.h.v.i.util.Version - [<clinit>,21] - HV000001: Hibernate Validator 6.2.0.Final
14:33:30.492 [main] INFO  c.l.a.LjAdminApplication - [logStartupProfileInfo,641] - The following profiles are active: local
14:33:31.209 [main] INFO  o.a.c.h.Http11NioProtocol - [log,173] - Initializing ProtocolHandler ["http-nio-9220"]
14:33:31.210 [main] INFO  o.a.c.c.StandardService - [log,173] - Starting service [Tomcat]
14:33:31.210 [main] INFO  o.a.c.c.StandardEngine - [log,173] - Starting Servlet engine: [Apache Tomcat/9.0.56]
14:33:31.368 [main] INFO  o.a.c.c.C.[.[.[/lj-admin] - [log,173] - Initializing Spring embedded WebApplicationContext
14:33:33.405 [main] INFO  o.a.c.h.Http11NioProtocol - [log,173] - Starting ProtocolHandler ["http-nio-9220"]
14:33:33.440 [main] INFO  c.a.c.n.r.NacosServiceRegistry - [register,75] - nacos registry, DEFAULT_GROUP lj-admin 168.168.28.132:9220 register finished
14:33:33.872 [main] INFO  c.l.a.LjAdminApplication - [logStarted,61] - Started LjAdminApplication in 4.858 seconds (JVM running for 5.662)
14:33:33.878 [main] INFO  c.a.c.n.r.NacosContextRefresher - [registerNacosListenersForApplications,105] - listening config: dataId=lj-admin-local.yml, group=DEFAULT_GROUP
14:33:33.878 [main] INFO  c.a.c.n.r.NacosContextRefresher - [registerNacosListenersForApplications,105] - listening config: dataId=lj-admin, group=DEFAULT_GROUP
14:33:33.879 [main] INFO  c.a.c.n.r.NacosContextRefresher - [registerNacosListenersForApplications,105] - listening config: dataId=lj-admin.yml, group=DEFAULT_GROUP
14:34:21.525 [background-preinit] INFO  o.h.v.i.util.Version - [<clinit>,21] - HV000001: Hibernate Validator 6.2.0.Final
14:34:22.602 [main] INFO  c.l.a.LjAdminApplication - [logStartupProfileInfo,641] - The following profiles are active: local
14:34:23.494 [main] INFO  o.a.c.h.Http11NioProtocol - [log,173] - Initializing ProtocolHandler ["http-nio-9220"]
14:34:23.495 [main] INFO  o.a.c.c.StandardService - [log,173] - Starting service [Tomcat]
14:34:23.495 [main] INFO  o.a.c.c.StandardEngine - [log,173] - Starting Servlet engine: [Apache Tomcat/9.0.56]
14:34:23.689 [main] INFO  o.a.c.c.C.[.[.[/lj-admin] - [log,173] - Initializing Spring embedded WebApplicationContext
14:34:25.781 [main] INFO  o.a.c.h.Http11NioProtocol - [log,173] - Starting ProtocolHandler ["http-nio-9220"]
14:34:25.805 [main] INFO  c.a.c.n.r.NacosServiceRegistry - [register,75] - nacos registry, DEFAULT_GROUP lj-admin 168.168.28.132:9220 register finished
14:34:26.116 [main] INFO  c.l.a.LjAdminApplication - [logStarted,61] - Started LjAdminApplication in 6.018 seconds (JVM running for 7.748)
14:34:26.121 [main] INFO  c.a.c.n.r.NacosContextRefresher - [registerNacosListenersForApplications,105] - listening config: dataId=lj-admin-local.yml, group=DEFAULT_GROUP
14:34:26.121 [main] INFO  c.a.c.n.r.NacosContextRefresher - [registerNacosListenersForApplications,105] - listening config: dataId=lj-admin, group=DEFAULT_GROUP
14:34:26.121 [main] INFO  c.a.c.n.r.NacosContextRefresher - [registerNacosListenersForApplications,105] - listening config: dataId=lj-admin.yml, group=DEFAULT_GROUP
14:37:01.485 [background-preinit] INFO  o.h.v.i.util.Version - [<clinit>,21] - HV000001: Hibernate Validator 6.2.0.Final
14:37:02.495 [main] INFO  c.l.a.LjAdminApplication - [logStartupProfileInfo,641] - The following profiles are active: local
14:37:03.352 [main] INFO  o.a.c.h.Http11NioProtocol - [log,173] - Initializing ProtocolHandler ["http-nio-9220"]
14:37:03.353 [main] INFO  o.a.c.c.StandardService - [log,173] - Starting service [Tomcat]
14:37:03.353 [main] INFO  o.a.c.c.StandardEngine - [log,173] - Starting Servlet engine: [Apache Tomcat/9.0.56]
14:37:03.546 [main] INFO  o.a.c.c.C.[.[.[/lj-admin] - [log,173] - Initializing Spring embedded WebApplicationContext
14:37:05.530 [main] INFO  o.a.c.h.Http11NioProtocol - [log,173] - Starting ProtocolHandler ["http-nio-9220"]
14:37:05.552 [main] INFO  c.a.c.n.r.NacosServiceRegistry - [register,75] - nacos registry, DEFAULT_GROUP lj-admin 168.168.28.132:9220 register finished
14:37:05.892 [main] INFO  c.l.a.LjAdminApplication - [logStarted,61] - Started LjAdminApplication in 5.602 seconds (JVM running for 6.916)
14:37:05.899 [main] INFO  c.a.c.n.r.NacosContextRefresher - [registerNacosListenersForApplications,105] - listening config: dataId=lj-admin-local.yml, group=DEFAULT_GROUP
14:37:05.900 [main] INFO  c.a.c.n.r.NacosContextRefresher - [registerNacosListenersForApplications,105] - listening config: dataId=lj-admin, group=DEFAULT_GROUP
14:37:05.900 [main] INFO  c.a.c.n.r.NacosContextRefresher - [registerNacosListenersForApplications,105] - listening config: dataId=lj-admin.yml, group=DEFAULT_GROUP
14:39:32.026 [background-preinit] INFO  o.h.v.i.util.Version - [<clinit>,21] - HV000001: Hibernate Validator 6.2.0.Final
14:39:33.101 [main] INFO  c.l.a.LjAdminApplication - [logStartupProfileInfo,641] - The following profiles are active: local
14:39:33.961 [main] INFO  o.a.c.h.Http11NioProtocol - [log,173] - Initializing ProtocolHandler ["http-nio-9220"]
14:39:33.962 [main] INFO  o.a.c.c.StandardService - [log,173] - Starting service [Tomcat]
14:39:33.962 [main] INFO  o.a.c.c.StandardEngine - [log,173] - Starting Servlet engine: [Apache Tomcat/9.0.56]
14:39:34.160 [main] INFO  o.a.c.c.C.[.[.[/lj-admin] - [log,173] - Initializing Spring embedded WebApplicationContext
14:39:36.123 [main] INFO  o.a.c.h.Http11NioProtocol - [log,173] - Starting ProtocolHandler ["http-nio-9220"]
14:39:36.145 [main] INFO  c.a.c.n.r.NacosServiceRegistry - [register,75] - nacos registry, DEFAULT_GROUP lj-admin 168.168.28.132:9220 register finished
14:39:36.453 [main] INFO  c.l.a.c.NacosConfigConfiguration - [test,38] - Init Test1
14:39:36.459 [main] INFO  c.l.a.LjAdminApplication - [logStarted,61] - Started LjAdminApplication in 5.808 seconds (JVM running for 7.106)
14:39:36.464 [main] INFO  c.a.c.n.r.NacosContextRefresher - [registerNacosListenersForApplications,105] - listening config: dataId=lj-admin-local.yml, group=DEFAULT_GROUP
14:39:36.464 [main] INFO  c.a.c.n.r.NacosContextRefresher - [registerNacosListenersForApplications,105] - listening config: dataId=lj-admin, group=DEFAULT_GROUP
14:39:36.465 [main] INFO  c.a.c.n.r.NacosContextRefresher - [registerNacosListenersForApplications,105] - listening config: dataId=lj-admin.yml, group=DEFAULT_GROUP
14:39:57.055 [com.alibaba.nacos.client.Worker.longPolling.fixed-127.0.0.1_8847] INFO  c.a.d.p.DruidDataSource - [close,2043] - {dataSource-0} closing ...
14:41:15.865 [background-preinit] INFO  o.h.v.i.util.Version - [<clinit>,21] - HV000001: Hibernate Validator 6.2.0.Final
14:41:16.814 [main] INFO  c.l.a.LjAdminApplication - [logStartupProfileInfo,641] - The following profiles are active: local
14:41:17.684 [main] INFO  o.a.c.h.Http11NioProtocol - [log,173] - Initializing ProtocolHandler ["http-nio-9220"]
14:41:17.685 [main] INFO  o.a.c.c.StandardService - [log,173] - Starting service [Tomcat]
14:41:17.685 [main] INFO  o.a.c.c.StandardEngine - [log,173] - Starting Servlet engine: [Apache Tomcat/9.0.56]
14:41:17.889 [main] INFO  o.a.c.c.C.[.[.[/lj-admin] - [log,173] - Initializing Spring embedded WebApplicationContext
14:41:19.991 [main] INFO  o.a.c.h.Http11NioProtocol - [log,173] - Starting ProtocolHandler ["http-nio-9220"]
14:41:20.012 [main] INFO  c.a.c.n.r.NacosServiceRegistry - [register,75] - nacos registry, DEFAULT_GROUP lj-admin 168.168.28.132:9220 register finished
14:41:20.334 [main] INFO  c.l.a.LjAdminApplication - [logStarted,61] - Started LjAdminApplication in 5.414 seconds (JVM running for 6.229)
14:41:20.338 [main] INFO  c.a.c.n.r.NacosContextRefresher - [registerNacosListenersForApplications,105] - listening config: dataId=lj-admin-local.yml, group=DEFAULT_GROUP
14:41:20.338 [main] INFO  c.a.c.n.r.NacosContextRefresher - [registerNacosListenersForApplications,105] - listening config: dataId=lj-admin, group=DEFAULT_GROUP
14:41:20.338 [main] INFO  c.a.c.n.r.NacosContextRefresher - [registerNacosListenersForApplications,105] - listening config: dataId=lj-admin.yml, group=DEFAULT_GROUP
14:41:34.180 [com.alibaba.nacos.client.Worker.longPolling.fixed-127.0.0.1_8847] INFO  c.a.d.p.DruidDataSource - [close,2043] - {dataSource-0} closing ...
14:41:57.207 [background-preinit] INFO  o.h.v.i.util.Version - [<clinit>,21] - HV000001: Hibernate Validator 6.2.0.Final
14:41:58.193 [main] INFO  c.l.a.LjAdminApplication - [logStartupProfileInfo,641] - The following profiles are active: local
14:41:59.084 [main] INFO  o.a.c.h.Http11NioProtocol - [log,173] - Initializing ProtocolHandler ["http-nio-9220"]
14:41:59.085 [main] INFO  o.a.c.c.StandardService - [log,173] - Starting service [Tomcat]
14:41:59.085 [main] INFO  o.a.c.c.StandardEngine - [log,173] - Starting Servlet engine: [Apache Tomcat/9.0.56]
14:41:59.271 [main] INFO  o.a.c.c.C.[.[.[/lj-admin] - [log,173] - Initializing Spring embedded WebApplicationContext
14:42:01.219 [main] INFO  o.a.c.h.Http11NioProtocol - [log,173] - Starting ProtocolHandler ["http-nio-9220"]
14:42:01.241 [main] INFO  c.a.c.n.r.NacosServiceRegistry - [register,75] - nacos registry, DEFAULT_GROUP lj-admin 168.168.28.132:9220 register finished
14:42:01.534 [main] INFO  c.l.a.LjAdminApplication - [logStarted,61] - Started LjAdminApplication in 5.513 seconds (JVM running for 7.462)
14:42:01.539 [main] INFO  c.a.c.n.r.NacosContextRefresher - [registerNacosListenersForApplications,105] - listening config: dataId=lj-admin-local.yml, group=DEFAULT_GROUP
14:42:01.539 [main] INFO  c.a.c.n.r.NacosContextRefresher - [registerNacosListenersForApplications,105] - listening config: dataId=lj-admin, group=DEFAULT_GROUP
14:42:01.540 [main] INFO  c.a.c.n.r.NacosContextRefresher - [registerNacosListenersForApplications,105] - listening config: dataId=lj-admin.yml, group=DEFAULT_GROUP
14:42:54.994 [com.alibaba.nacos.client.Worker.longPolling.fixed-127.0.0.1_8847] INFO  c.a.d.p.DruidDataSource - [close,2043] - {dataSource-0} closing ...
14:57:45.215 [background-preinit] INFO  o.h.v.i.util.Version - [<clinit>,21] - HV000001: Hibernate Validator 6.2.0.Final
14:57:46.236 [main] INFO  c.l.a.LjAdminApplication - [logStartupProfileInfo,641] - The following profiles are active: local
14:57:47.132 [main] INFO  o.a.c.h.Http11NioProtocol - [log,173] - Initializing ProtocolHandler ["http-nio-9220"]
14:57:47.133 [main] INFO  o.a.c.c.StandardService - [log,173] - Starting service [Tomcat]
14:57:47.133 [main] INFO  o.a.c.c.StandardEngine - [log,173] - Starting Servlet engine: [Apache Tomcat/9.0.56]
14:57:47.357 [main] INFO  o.a.c.c.C.[.[.[/lj-admin] - [log,173] - Initializing Spring embedded WebApplicationContext
14:57:49.694 [main] INFO  o.a.c.h.Http11NioProtocol - [log,173] - Starting ProtocolHandler ["http-nio-9220"]
14:57:49.716 [main] INFO  c.a.c.n.r.NacosServiceRegistry - [register,75] - nacos registry, DEFAULT_GROUP lj-admin 168.168.28.132:9220 register finished
14:57:50.009 [main] INFO  c.l.a.LjAdminApplication - [logStarted,61] - Started LjAdminApplication in 6.398 seconds (JVM running for 7.793)
14:57:50.013 [main] INFO  c.a.c.n.r.NacosContextRefresher - [registerNacosListenersForApplications,105] - listening config: dataId=lj-admin-local.yml, group=DEFAULT_GROUP
14:57:50.013 [main] INFO  c.a.c.n.r.NacosContextRefresher - [registerNacosListenersForApplications,105] - listening config: dataId=lj-admin, group=DEFAULT_GROUP
14:57:50.013 [main] INFO  c.a.c.n.r.NacosContextRefresher - [registerNacosListenersForApplications,105] - listening config: dataId=lj-admin.yml, group=DEFAULT_GROUP
14:57:53.555 [http-nio-9220-exec-1] INFO  o.a.c.c.C.[.[.[/lj-admin] - [log,173] - Initializing Spring DispatcherServlet 'dispatcherServlet'
14:58:03.439 [com.alibaba.nacos.client.Worker.longPolling.fixed-127.0.0.1_8847] INFO  c.a.d.p.DruidDataSource - [close,2043] - {dataSource-0} closing ...
15:29:29.867 [background-preinit] INFO  o.h.v.i.util.Version - [<clinit>,21] - HV000001: Hibernate Validator 6.2.0.Final
15:29:31.047 [main] INFO  c.l.a.LjAdminApplication - [logStartupProfileInfo,641] - The following profiles are active: local
15:29:32.105 [main] INFO  o.a.c.h.Http11NioProtocol - [log,173] - Initializing ProtocolHandler ["http-nio-9220"]
15:29:32.106 [main] INFO  o.a.c.c.StandardService - [log,173] - Starting service [Tomcat]
15:29:32.106 [main] INFO  o.a.c.c.StandardEngine - [log,173] - Starting Servlet engine: [Apache Tomcat/9.0.56]
15:29:32.334 [main] INFO  o.a.c.c.C.[.[.[/lj-admin] - [log,173] - Initializing Spring embedded WebApplicationContext
15:29:34.581 [main] INFO  o.a.c.h.Http11NioProtocol - [log,173] - Starting ProtocolHandler ["http-nio-9220"]
15:29:34.606 [main] INFO  c.a.c.n.r.NacosServiceRegistry - [register,75] - nacos registry, DEFAULT_GROUP lj-admin 168.168.28.132:9220 register finished
15:29:34.941 [main] INFO  c.l.a.LjAdminApplication - [logStarted,61] - Started LjAdminApplication in 6.364 seconds (JVM running for 7.897)
15:29:34.945 [main] INFO  c.a.c.n.r.NacosContextRefresher - [registerNacosListenersForApplications,105] - listening config: dataId=lj-admin-local.yml, group=DEFAULT_GROUP
15:29:34.945 [main] INFO  c.a.c.n.r.NacosContextRefresher - [registerNacosListenersForApplications,105] - listening config: dataId=lj-admin, group=DEFAULT_GROUP
15:29:34.946 [main] INFO  c.a.c.n.r.NacosContextRefresher - [registerNacosListenersForApplications,105] - listening config: dataId=lj-admin.yml, group=DEFAULT_GROUP
15:34:36.442 [background-preinit] INFO  o.h.v.i.util.Version - [<clinit>,21] - HV000001: Hibernate Validator 6.2.0.Final
15:34:37.477 [main] INFO  c.l.a.LjAdminApplication - [logStartupProfileInfo,641] - The following profiles are active: local
15:34:38.530 [main] INFO  o.a.c.h.Http11NioProtocol - [log,173] - Initializing ProtocolHandler ["http-nio-9220"]
15:34:38.531 [main] INFO  o.a.c.c.StandardService - [log,173] - Starting service [Tomcat]
15:34:38.531 [main] INFO  o.a.c.c.StandardEngine - [log,173] - Starting Servlet engine: [Apache Tomcat/9.0.56]
15:34:38.778 [main] INFO  o.a.c.c.C.[.[.[/lj-admin] - [log,173] - Initializing Spring embedded WebApplicationContext
15:34:41.197 [main] INFO  o.a.c.h.Http11NioProtocol - [log,173] - Starting ProtocolHandler ["http-nio-9220"]
15:34:41.222 [main] INFO  c.a.c.n.r.NacosServiceRegistry - [register,75] - nacos registry, DEFAULT_GROUP lj-admin 168.168.28.132:9220 register finished
15:34:41.568 [main] INFO  c.l.a.LjAdminApplication - [logStarted,61] - Started LjAdminApplication in 6.397 seconds (JVM running for 7.911)
15:34:41.573 [main] INFO  c.a.c.n.r.NacosContextRefresher - [registerNacosListenersForApplications,105] - listening config: dataId=lj-admin-local.yml, group=DEFAULT_GROUP
15:34:41.574 [main] INFO  c.a.c.n.r.NacosContextRefresher - [registerNacosListenersForApplications,105] - listening config: dataId=lj-admin, group=DEFAULT_GROUP
15:34:41.574 [main] INFO  c.a.c.n.r.NacosContextRefresher - [registerNacosListenersForApplications,105] - listening config: dataId=lj-admin.yml, group=DEFAULT_GROUP
15:37:17.495 [background-preinit] INFO  o.h.v.i.util.Version - [<clinit>,21] - HV000001: Hibernate Validator 6.2.0.Final
15:37:18.177 [main] INFO  c.l.a.LjAdminApplication - [logStartupProfileInfo,641] - The following profiles are active: local
15:37:18.926 [main] INFO  o.a.c.h.Http11NioProtocol - [log,173] - Initializing ProtocolHandler ["http-nio-9220"]
15:37:18.926 [main] INFO  o.a.c.c.StandardService - [log,173] - Starting service [Tomcat]
15:37:18.927 [main] INFO  o.a.c.c.StandardEngine - [log,173] - Starting Servlet engine: [Apache Tomcat/9.0.56]
15:37:19.021 [main] INFO  o.a.c.c.C.[.[.[/lj-admin] - [log,173] - Initializing Spring embedded WebApplicationContext
15:37:21.111 [main] INFO  o.a.c.h.Http11NioProtocol - [log,173] - Starting ProtocolHandler ["http-nio-9220"]
15:37:21.132 [main] INFO  c.a.c.n.r.NacosServiceRegistry - [register,75] - nacos registry, DEFAULT_GROUP lj-admin 168.168.28.132:9220 register finished
15:37:21.439 [main] INFO  c.l.a.LjAdminApplication - [logStarted,61] - Started LjAdminApplication in 4.738 seconds (JVM running for 5.556)
15:37:27.976 [http-nio-9220-exec-1] INFO  o.a.c.c.C.[.[.[/lj-admin] - [log,173] - Initializing Spring DispatcherServlet 'dispatcherServlet'
15:38:26.481 [background-preinit] INFO  o.h.v.i.util.Version - [<clinit>,21] - HV000001: Hibernate Validator 6.2.0.Final
15:38:27.217 [main] INFO  c.l.a.LjAdminApplication - [logStartupProfileInfo,641] - The following profiles are active: local
15:38:28.159 [main] INFO  o.a.c.h.Http11NioProtocol - [log,173] - Initializing ProtocolHandler ["http-nio-9220"]
15:38:28.160 [main] INFO  o.a.c.c.StandardService - [log,173] - Starting service [Tomcat]
15:38:28.160 [main] INFO  o.a.c.c.StandardEngine - [log,173] - Starting Servlet engine: [Apache Tomcat/9.0.56]
15:38:28.261 [main] INFO  o.a.c.c.C.[.[.[/lj-admin] - [log,173] - Initializing Spring embedded WebApplicationContext
15:38:30.864 [main] INFO  o.a.c.h.Http11NioProtocol - [log,173] - Starting ProtocolHandler ["http-nio-9220"]
15:38:30.886 [main] INFO  c.a.c.n.r.NacosServiceRegistry - [register,75] - nacos registry, DEFAULT_GROUP lj-admin 168.168.28.132:9220 register finished
15:38:31.205 [main] INFO  c.l.a.LjAdminApplication - [logStarted,61] - Started LjAdminApplication in 5.527 seconds (JVM running for 6.338)
15:38:31.209 [main] INFO  c.a.c.n.r.NacosContextRefresher - [registerNacosListenersForApplications,105] - listening config: dataId=lj-admin-local.yml, group=DEFAULT_GROUP
15:38:31.210 [main] INFO  c.a.c.n.r.NacosContextRefresher - [registerNacosListenersForApplications,105] - listening config: dataId=lj-admin, group=DEFAULT_GROUP
15:38:31.210 [main] INFO  c.a.c.n.r.NacosContextRefresher - [registerNacosListenersForApplications,105] - listening config: dataId=lj-admin.yml, group=DEFAULT_GROUP
15:38:39.872 [background-preinit] INFO  o.h.v.i.util.Version - [<clinit>,21] - HV000001: Hibernate Validator 6.2.0.Final
15:38:40.900 [main] INFO  c.l.a.LjAdminApplication - [logStartupProfileInfo,641] - The following profiles are active: local
15:38:41.813 [main] INFO  o.a.c.h.Http11NioProtocol - [log,173] - Initializing ProtocolHandler ["http-nio-9220"]
15:38:41.814 [main] INFO  o.a.c.c.StandardService - [log,173] - Starting service [Tomcat]
15:38:41.814 [main] INFO  o.a.c.c.StandardEngine - [log,173] - Starting Servlet engine: [Apache Tomcat/9.0.56]
15:38:42.024 [main] INFO  o.a.c.c.C.[.[.[/lj-admin] - [log,173] - Initializing Spring embedded WebApplicationContext
15:38:46.260 [main] INFO  o.a.c.h.Http11NioProtocol - [log,173] - Starting ProtocolHandler ["http-nio-9220"]
15:38:46.332 [main] INFO  c.a.c.n.r.NacosServiceRegistry - [register,75] - nacos registry, DEFAULT_GROUP lj-admin 168.168.28.132:9220 register finished
15:38:47.528 [main] INFO  c.l.a.LjAdminApplication - [logStarted,61] - Started LjAdminApplication in 8.925 seconds (JVM running for 10.289)
15:38:47.543 [main] INFO  c.a.c.n.r.NacosContextRefresher - [registerNacosListenersForApplications,105] - listening config: dataId=lj-admin-local.yml, group=DEFAULT_GROUP
15:38:47.545 [main] INFO  c.a.c.n.r.NacosContextRefresher - [registerNacosListenersForApplications,105] - listening config: dataId=lj-admin, group=DEFAULT_GROUP
15:38:47.547 [main] INFO  c.a.c.n.r.NacosContextRefresher - [registerNacosListenersForApplications,105] - listening config: dataId=lj-admin.yml, group=DEFAULT_GROUP
15:38:51.800 [http-nio-9220-exec-1] INFO  o.a.c.c.C.[.[.[/lj-admin] - [log,173] - Initializing Spring DispatcherServlet 'dispatcherServlet'
15:39:02.090 [com.alibaba.nacos.client.Worker.longPolling.fixed-127.0.0.1_8847] INFO  c.a.d.p.DruidDataSource - [close,2043] - {dataSource-0} closing ...
15:40:53.398 [background-preinit] INFO  o.h.v.i.util.Version - [<clinit>,21] - HV000001: Hibernate Validator 6.2.0.Final
15:40:54.793 [main] INFO  c.l.a.LjAdminApplication - [logStartupProfileInfo,641] - The following profiles are active: local
15:40:56.083 [main] INFO  o.a.c.h.Http11NioProtocol - [log,173] - Initializing ProtocolHandler ["http-nio-9220"]
15:40:56.084 [main] INFO  o.a.c.c.StandardService - [log,173] - Starting service [Tomcat]
15:40:56.084 [main] INFO  o.a.c.c.StandardEngine - [log,173] - Starting Servlet engine: [Apache Tomcat/9.0.56]
15:40:56.373 [main] INFO  o.a.c.c.C.[.[.[/lj-admin] - [log,173] - Initializing Spring embedded WebApplicationContext
15:40:59.150 [main] INFO  o.a.c.h.Http11NioProtocol - [log,173] - Starting ProtocolHandler ["http-nio-9220"]
15:40:59.177 [main] INFO  c.a.c.n.r.NacosServiceRegistry - [register,75] - nacos registry, DEFAULT_GROUP lj-admin 168.168.28.132:9220 register finished
15:40:59.587 [main] INFO  c.l.a.LjAdminApplication - [logStarted,61] - Started LjAdminApplication in 7.955 seconds (JVM running for 9.966)
15:40:59.594 [main] INFO  c.a.c.n.r.NacosContextRefresher - [registerNacosListenersForApplications,105] - listening config: dataId=lj-admin-local.yml, group=DEFAULT_GROUP
15:40:59.595 [main] INFO  c.a.c.n.r.NacosContextRefresher - [registerNacosListenersForApplications,105] - listening config: dataId=lj-admin, group=DEFAULT_GROUP
15:40:59.596 [main] INFO  c.a.c.n.r.NacosContextRefresher - [registerNacosListenersForApplications,105] - listening config: dataId=lj-admin.yml, group=DEFAULT_GROUP
15:41:13.847 [com.alibaba.nacos.client.Worker.longPolling.fixed-127.0.0.1_8847] INFO  c.a.d.p.DruidDataSource - [close,2043] - {dataSource-0} closing ...
15:41:46.134 [http-nio-9220-exec-1] INFO  o.a.c.c.C.[.[.[/lj-admin] - [log,173] - Initializing Spring DispatcherServlet 'dispatcherServlet'
15:42:30.365 [background-preinit] INFO  o.h.v.i.util.Version - [<clinit>,21] - HV000001: Hibernate Validator 6.2.0.Final
15:42:31.681 [main] INFO  c.l.a.LjAdminApplication - [logStartupProfileInfo,641] - The following profiles are active: local
15:42:32.912 [main] INFO  o.a.c.h.Http11NioProtocol - [log,173] - Initializing ProtocolHandler ["http-nio-9220"]
15:42:32.913 [main] INFO  o.a.c.c.StandardService - [log,173] - Starting service [Tomcat]
15:42:32.913 [main] INFO  o.a.c.c.StandardEngine - [log,173] - Starting Servlet engine: [Apache Tomcat/9.0.56]
15:42:33.170 [main] INFO  o.a.c.c.C.[.[.[/lj-admin] - [log,173] - Initializing Spring embedded WebApplicationContext
15:42:35.779 [main] INFO  o.a.c.h.Http11NioProtocol - [log,173] - Starting ProtocolHandler ["http-nio-9220"]
15:42:35.807 [main] INFO  c.a.c.n.r.NacosServiceRegistry - [register,75] - nacos registry, DEFAULT_GROUP lj-admin 168.168.28.132:9220 register finished
15:42:36.220 [main] INFO  c.l.a.LjAdminApplication - [logStarted,61] - Started LjAdminApplication in 7.481 seconds (JVM running for 8.982)
15:42:36.225 [main] INFO  c.a.c.n.r.NacosContextRefresher - [registerNacosListenersForApplications,105] - listening config: dataId=lj-admin-local.yml, group=DEFAULT_GROUP
15:42:36.226 [main] INFO  c.a.c.n.r.NacosContextRefresher - [registerNacosListenersForApplications,105] - listening config: dataId=lj-admin, group=DEFAULT_GROUP
15:42:36.226 [main] INFO  c.a.c.n.r.NacosContextRefresher - [registerNacosListenersForApplications,105] - listening config: dataId=lj-admin.yml, group=DEFAULT_GROUP
15:48:12.365 [background-preinit] INFO  o.h.v.i.util.Version - [<clinit>,21] - HV000001: Hibernate Validator 6.2.0.Final
15:48:13.704 [main] INFO  c.l.a.LjAdminApplication - [logStartupProfileInfo,641] - The following profiles are active: local
15:48:15.106 [main] INFO  o.a.c.h.Http11NioProtocol - [log,173] - Initializing ProtocolHandler ["http-nio-9220"]
15:48:15.107 [main] INFO  o.a.c.c.StandardService - [log,173] - Starting service [Tomcat]
15:48:15.107 [main] INFO  o.a.c.c.StandardEngine - [log,173] - Starting Servlet engine: [Apache Tomcat/9.0.56]
15:48:15.244 [main] INFO  o.a.c.c.C.[.[.[/lj-admin] - [log,173] - Initializing Spring embedded WebApplicationContext
15:48:17.904 [main] INFO  o.a.c.h.Http11NioProtocol - [log,173] - Starting ProtocolHandler ["http-nio-9220"]
15:48:17.932 [main] INFO  c.a.c.n.r.NacosServiceRegistry - [register,75] - nacos registry, DEFAULT_GROUP lj-admin 168.168.28.132:9220 register finished
15:48:18.333 [main] INFO  c.l.a.LjAdminApplication - [logStarted,61] - Started LjAdminApplication in 7.536 seconds (JVM running for 9.165)
15:48:18.339 [main] INFO  c.a.c.n.r.NacosContextRefresher - [registerNacosListenersForApplications,105] - listening config: dataId=lj-admin-local.yml, group=DEFAULT_GROUP
15:48:18.339 [main] INFO  c.a.c.n.r.NacosContextRefresher - [registerNacosListenersForApplications,105] - listening config: dataId=lj-admin, group=DEFAULT_GROUP
15:48:18.339 [main] INFO  c.a.c.n.r.NacosContextRefresher - [registerNacosListenersForApplications,105] - listening config: dataId=lj-admin.yml, group=DEFAULT_GROUP
15:52:56.571 [background-preinit] INFO  o.h.v.i.util.Version - [<clinit>,21] - HV000001: Hibernate Validator 6.2.0.Final
15:52:57.802 [main] INFO  c.l.a.LjAdminApplication - [logStartupProfileInfo,641] - The following profiles are active: local
15:52:58.909 [main] INFO  o.a.c.h.Http11NioProtocol - [log,173] - Initializing ProtocolHandler ["http-nio-9220"]
15:52:58.910 [main] INFO  o.a.c.c.StandardService - [log,173] - Starting service [Tomcat]
15:52:58.910 [main] INFO  o.a.c.c.StandardEngine - [log,173] - Starting Servlet engine: [Apache Tomcat/9.0.56]
15:52:59.038 [main] INFO  o.a.c.c.C.[.[.[/lj-admin] - [log,173] - Initializing Spring embedded WebApplicationContext
15:53:01.938 [main] INFO  o.a.c.h.Http11NioProtocol - [log,173] - Starting ProtocolHandler ["http-nio-9220"]
15:53:01.965 [main] INFO  c.a.c.n.r.NacosServiceRegistry - [register,75] - nacos registry, DEFAULT_GROUP lj-admin 168.168.28.132:9220 register finished
15:53:02.358 [main] INFO  c.l.a.LjAdminApplication - [logStarted,61] - Started LjAdminApplication in 7.354 seconds (JVM running for 9.012)
15:53:02.365 [main] INFO  c.a.c.n.r.NacosContextRefresher - [registerNacosListenersForApplications,105] - listening config: dataId=lj-admin-local.yml, group=DEFAULT_GROUP
15:53:02.366 [main] INFO  c.a.c.n.r.NacosContextRefresher - [registerNacosListenersForApplications,105] - listening config: dataId=lj-admin, group=DEFAULT_GROUP
15:53:02.367 [main] INFO  c.a.c.n.r.NacosContextRefresher - [registerNacosListenersForApplications,105] - listening config: dataId=lj-admin.yml, group=DEFAULT_GROUP
15:55:32.461 [background-preinit] INFO  o.h.v.i.util.Version - [<clinit>,21] - HV000001: Hibernate Validator 6.2.0.Final
15:55:33.787 [main] INFO  c.l.a.LjAdminApplication - [logStartupProfileInfo,641] - The following profiles are active: local
15:55:35.036 [main] INFO  o.a.c.h.Http11NioProtocol - [log,173] - Initializing ProtocolHandler ["http-nio-9220"]
15:55:35.036 [main] INFO  o.a.c.c.StandardService - [log,173] - Starting service [Tomcat]
15:55:35.037 [main] INFO  o.a.c.c.StandardEngine - [log,173] - Starting Servlet engine: [Apache Tomcat/9.0.56]
15:55:35.162 [main] INFO  o.a.c.c.C.[.[.[/lj-admin] - [log,173] - Initializing Spring embedded WebApplicationContext
15:55:37.966 [main] INFO  o.a.c.h.Http11NioProtocol - [log,173] - Starting ProtocolHandler ["http-nio-9220"]
15:55:37.994 [main] INFO  c.a.c.n.r.NacosServiceRegistry - [register,75] - nacos registry, DEFAULT_GROUP lj-admin 168.168.28.132:9220 register finished
15:55:38.398 [main] INFO  c.l.a.LjAdminApplication - [logStarted,61] - Started LjAdminApplication in 7.484 seconds (JVM running for 9.153)
15:55:38.403 [main] INFO  c.a.c.n.r.NacosContextRefresher - [registerNacosListenersForApplications,105] - listening config: dataId=lj-admin-local.yml, group=DEFAULT_GROUP
15:55:38.404 [main] INFO  c.a.c.n.r.NacosContextRefresher - [registerNacosListenersForApplications,105] - listening config: dataId=lj-admin, group=DEFAULT_GROUP
15:55:38.404 [main] INFO  c.a.c.n.r.NacosContextRefresher - [registerNacosListenersForApplications,105] - listening config: dataId=lj-admin.yml, group=DEFAULT_GROUP
16:00:16.970 [background-preinit] INFO  o.h.v.i.util.Version - [<clinit>,21] - HV000001: Hibernate Validator 6.2.0.Final
16:00:18.208 [main] INFO  c.l.a.LjAdminApplication - [logStartupProfileInfo,641] - The following profiles are active: local
16:00:19.360 [main] INFO  o.a.c.h.Http11NioProtocol - [log,173] - Initializing ProtocolHandler ["http-nio-9220"]
16:00:19.361 [main] INFO  o.a.c.c.StandardService - [log,173] - Starting service [Tomcat]
16:00:19.362 [main] INFO  o.a.c.c.StandardEngine - [log,173] - Starting Servlet engine: [Apache Tomcat/9.0.56]
16:00:19.616 [main] INFO  o.a.c.c.C.[.[.[/lj-admin] - [log,173] - Initializing Spring embedded WebApplicationContext
16:00:22.154 [main] INFO  o.a.c.h.Http11NioProtocol - [log,173] - Starting ProtocolHandler ["http-nio-9220"]
16:00:22.180 [main] INFO  c.a.c.n.r.NacosServiceRegistry - [register,75] - nacos registry, DEFAULT_GROUP lj-admin 168.168.28.132:9220 register finished
16:00:22.613 [main] INFO  c.l.a.LjAdminApplication - [logStarted,61] - Started LjAdminApplication in 7.29 seconds (JVM running for 8.996)
16:00:22.619 [main] INFO  c.a.c.n.r.NacosContextRefresher - [registerNacosListenersForApplications,105] - listening config: dataId=lj-admin-local.yml, group=DEFAULT_GROUP
16:00:22.620 [main] INFO  c.a.c.n.r.NacosContextRefresher - [registerNacosListenersForApplications,105] - listening config: dataId=lj-admin, group=DEFAULT_GROUP
16:00:22.621 [main] INFO  c.a.c.n.r.NacosContextRefresher - [registerNacosListenersForApplications,105] - listening config: dataId=lj-admin.yml, group=DEFAULT_GROUP
16:07:28.437 [background-preinit] INFO  o.h.v.i.util.Version - [<clinit>,21] - HV000001: Hibernate Validator 6.2.0.Final
16:07:30.158 [main] INFO  c.l.a.LjAdminApplication - [logStartupProfileInfo,641] - The following profiles are active: local
16:07:31.350 [main] INFO  o.a.c.h.Http11NioProtocol - [log,173] - Initializing ProtocolHandler ["http-nio-9220"]
16:07:31.351 [main] INFO  o.a.c.c.StandardService - [log,173] - Starting service [Tomcat]
16:07:31.351 [main] INFO  o.a.c.c.StandardEngine - [log,173] - Starting Servlet engine: [Apache Tomcat/9.0.56]
16:07:31.629 [main] INFO  o.a.c.c.C.[.[.[/lj-admin] - [log,173] - Initializing Spring embedded WebApplicationContext
16:07:34.473 [main] INFO  o.a.c.h.Http11NioProtocol - [log,173] - Starting ProtocolHandler ["http-nio-9220"]
16:07:34.517 [main] INFO  c.a.c.n.r.NacosServiceRegistry - [register,75] - nacos registry, DEFAULT_GROUP lj-admin 168.168.28.132:9220 register finished
16:07:34.960 [main] INFO  c.l.a.LjAdminApplication - [logStarted,61] - Started LjAdminApplication in 8.626 seconds (JVM running for 10.423)
16:07:34.965 [main] INFO  c.a.c.n.r.NacosContextRefresher - [registerNacosListenersForApplications,105] - listening config: dataId=lj-admin-local.yml, group=DEFAULT_GROUP
16:07:34.966 [main] INFO  c.a.c.n.r.NacosContextRefresher - [registerNacosListenersForApplications,105] - listening config: dataId=lj-admin, group=DEFAULT_GROUP
16:07:34.967 [main] INFO  c.a.c.n.r.NacosContextRefresher - [registerNacosListenersForApplications,105] - listening config: dataId=lj-admin.yml, group=DEFAULT_GROUP
16:07:34.967 [main] INFO  c.l.a.LjAdminApplication - [printConfigInfo,48] - 部署环境->local
16:07:34.967 [main] INFO  c.l.a.LjAdminApplication - [printConfigInfo,53] - nacos注册地址->127.0.0.1:8847
